
=== Mon Sep  9 20:43:51 2024

Packages were changed.
Update Mode: updateDependencies

The following packages were updated:
  com.unity.collab-proxy from version 2.3.1 to 2.4.4

=== Tue Sep 10 01:43:38 2024

Packages were changed.
Update Mode: updateDependencies

The following packages were updated:
  com.unity.cinemachine from version 2.8.9 to 2.10.1

=== Tue Sep 10 01:43:38 2024

Packages were changed.
Update Mode: mergeDefaultDependencies

The following packages were added:
  com.unity.cinemachine@2.10.1

=== Tue Sep 10 02:27:00 2024

Packages were changed.
Update Mode: updateDependencies

The following packages were updated:
  com.unity.analytics from version 3.6.11 to 3.8.1
  com.unity.burst from version 1.6.1 to 1.8.17
  com.unity.ide.rider from version 3.0.7 to 3.0.31
  com.unity.inputsystem from version 1.2.0 to 1.7.0
  com.unity.postprocessing from version 3.2.0 to 3.4.0
  com.unity.test-framework from version 1.1.29 to 1.1.33
  com.unity.timeline from version 1.4.8 to 1.7.6

=== Tue Sep 10 02:27:00 2024

Packages were changed.
Update Mode: mergeDefaultDependencies

The following packages were added:
  com.unity.2d.sprite@1.0.0
  com.unity.2d.tilemap@1.0.0
  com.unity.analytics@3.8.1
  com.unity.burst@1.8.17
  com.unity.ide.rider@3.0.31
  com.unity.inputsystem@1.7.0
  com.unity.postprocessing@3.4.0
  com.unity.test-framework@1.1.33
